<?xml version="1.0" encoding="UTF-8"?>
<!-- Generated by org.testng.reporters.JUnitReportReporter -->
<testsuite hostname="DESKTOP-D8DQDCI" name="crossBrowsertesting.Different_Browsers" tests="1" failures="0" timestamp="13 Jul 2018 04:07:32 GMT" time="0.029" errors="0">
  <testcase name="titleVerification" time="0.029" classname="crossBrowsertesting.Different_Browsers"/>
</testsuite> <!-- crossBrowsertesting.Different_Browsers -->
