<?xml version="1.0" encoding="UTF-8"?>
<!-- Generated by org.testng.reporters.JUnitReportReporter -->
<testsuite hostname="DESKTOP-D8DQDCI" name="testNG_Prep.Verify_Title" tests="1" failures="0" timestamp="20 Jun 2018 20:02:08 GMT" time="0.070" errors="0">
  <testcase name="titleVerification" time="0.070" classname="testNG_Prep.Verify_Title"/>
</testsuite> <!-- testNG_Prep.Verify_Title -->
